2025-01-09 11:38:13,752 -  nornir.core -     INFO -        run() - Running task 'napalm_get' with args {'getters': ['facts', 'interfaces']} on 3 hosts
2025-01-09 11:38:13,753 - nornir.core.task -    DEBUG -      start() - Host 'rtr1': running task 'napalm_get'
2025-01-09 11:38:15,824 - nornir.core.task -    DEBUG -      start() - Host 'rtr2': running task 'napalm_get'
2025-01-09 11:38:17,567 - nornir.core.task -    DEBUG -      start() - Host 'rtr3': running task 'napalm_get'
2025-01-09 12:33:42,380 -  nornir.core -     INFO -        run() - Running task 'napalm_get' with args {'getters': ['facts', 'interfaces']} on 2 hosts
2025-01-09 12:33:42,380 - nornir.core.task -    DEBUG -      start() - Host 'rtr1': running task 'napalm_get'
2025-01-09 12:33:44,232 - nornir.core.task -    DEBUG -      start() - Host 'rtr2': running task 'napalm_get'
2025-01-09 12:33:59,813 -  nornir.core -     INFO -        run() - Running task 'napalm_get' with args {'getters': ['facts', 'interfaces']} on 2 hosts
2025-01-09 12:33:59,814 - nornir.core.task -    DEBUG -      start() - Host 'rtr1': running task 'napalm_get'
2025-01-09 12:34:01,521 - nornir.core.task -    DEBUG -      start() - Host 'rtr2': running task 'napalm_get'
2025-01-09 12:34:19,801 -  nornir.core -     INFO -        run() - Running task 'napalm_get' with args {'getters': ['facts', 'interfaces']} on 2 hosts
2025-01-09 12:34:19,802 - nornir.core.task -    DEBUG -      start() - Host 'rtr1': running task 'napalm_get'
2025-01-09 12:34:21,584 - nornir.core.task -    DEBUG -      start() - Host 'rtr2': running task 'napalm_get'
2025-01-09 12:35:34,562 -  nornir.core -     INFO -        run() - Running task 'napalm_get' with args {'getters': ['facts', 'interfaces']} on 2 hosts
2025-01-09 12:35:34,562 - nornir.core.task -    DEBUG -      start() - Host 'rtr1': running task 'napalm_get'
2025-01-09 12:35:36,329 - nornir.core.task -    DEBUG -      start() - Host 'rtr2': running task 'napalm_get'
2025-01-09 12:35:37,858 -  nornir.core -     INFO -        run() - Running task 'napalm_get' with args {'getters': ['facts', 'interfaces']} on 1 hosts
2025-01-09 12:35:37,859 - nornir.core.task -    DEBUG -      start() - Host 'rtr1': running task 'napalm_get'
2025-01-09 12:36:32,819 -  nornir.core -     INFO -        run() - Running task 'napalm_get' with args {'getters': ['facts', 'interfaces']} on 1 hosts
2025-01-09 12:36:32,819 - nornir.core.task -    DEBUG -      start() - Host 'rtr1': running task 'napalm_get'
2025-01-09 12:38:05,998 -  nornir.core -     INFO -        run() - Running task 'napalm_get' with args {'getters': ['facts', 'interfaces']} on 1 hosts
2025-01-09 12:38:06,000 - nornir.core.task -    DEBUG -      start() - Host 'rtr1': running task 'napalm_get'
2025-01-09 12:38:59,295 -  nornir.core -     INFO -        run() - Running task 'napalm_get' with args {'getters': ['facts', 'interfaces']} on 3 hosts
2025-01-09 12:38:59,295 - nornir.core.task -    DEBUG -      start() - Host 'rtr1': running task 'napalm_get'
2025-01-09 12:39:01,005 - nornir.core.task -    DEBUG -      start() - Host 'rtr2': running task 'napalm_get'
2025-01-09 12:39:02,715 - nornir.core.task -    DEBUG -      start() - Host 'rtr3': running task 'napalm_get'
2025-01-09 12:41:34,180 -  nornir.core -     INFO -        run() - Running task 'napalm_get' with args {'getters': ['facts', 'interfaces']} on 3 hosts
2025-01-09 12:41:34,181 - nornir.core.task -    DEBUG -      start() - Host 'rtr1': running task 'napalm_get'
2025-01-09 12:41:36,026 - nornir.core.task -    DEBUG -      start() - Host 'rtr2': running task 'napalm_get'
2025-01-09 12:41:37,707 - nornir.core.task -    DEBUG -      start() - Host 'rtr3': running task 'napalm_get'
2025-01-09 12:52:27,176 -  nornir.core -     INFO -        run() - Running task 'napalm_get' with args {'getters': ['facts', 'interfaces_ip']} on 3 hosts
2025-01-09 12:52:27,176 - nornir.core.task -    DEBUG -      start() - Host 'rtr1': running task 'napalm_get'
2025-01-09 12:52:29,106 - nornir.core.task -    DEBUG -      start() - Host 'rtr2': running task 'napalm_get'
2025-01-09 12:52:30,982 - nornir.core.task -    DEBUG -      start() - Host 'rtr3': running task 'napalm_get'
2025-01-09 12:52:32,467 -  nornir.core -     INFO -        run() - Running task 'napalm_cli' with args {'getters': ['show version', 'show ip interface brief']} on 3 hosts
2025-01-09 12:52:32,468 - nornir.core.task -    DEBUG -      start() - Host 'rtr1': running task 'napalm_cli'
2025-01-09 12:52:32,480 - nornir.core.task -    ERROR -      start() - Host 'rtr1': task 'napalm_cli' failed with traceback:
Traceback (most recent call last):
  File "C:\Users\UEFI\PycharmProjects\NetworkAutomation\venv\lib\site-packages\nornir\core\task.py", line 99, in start
    r = self.task(self, **self.params)
TypeError: napalm_cli() got an unexpected keyword argument 'getters'

2025-01-09 12:52:32,480 - nornir.core.task -    DEBUG -      start() - Host 'rtr2': running task 'napalm_cli'
2025-01-09 12:52:32,481 - nornir.core.task -    ERROR -      start() - Host 'rtr2': task 'napalm_cli' failed with traceback:
Traceback (most recent call last):
  File "C:\Users\UEFI\PycharmProjects\NetworkAutomation\venv\lib\site-packages\nornir\core\task.py", line 99, in start
    r = self.task(self, **self.params)
TypeError: napalm_cli() got an unexpected keyword argument 'getters'

2025-01-09 12:52:32,481 - nornir.core.task -    DEBUG -      start() - Host 'rtr3': running task 'napalm_cli'
2025-01-09 12:52:32,481 - nornir.core.task -    ERROR -      start() - Host 'rtr3': task 'napalm_cli' failed with traceback:
Traceback (most recent call last):
  File "C:\Users\UEFI\PycharmProjects\NetworkAutomation\venv\lib\site-packages\nornir\core\task.py", line 99, in start
    r = self.task(self, **self.params)
TypeError: napalm_cli() got an unexpected keyword argument 'getters'

2025-01-09 12:54:03,933 -  nornir.core -     INFO -        run() - Running task 'napalm_get' with args {'getters': ['facts', 'interfaces_ip']} on 3 hosts
2025-01-09 12:54:03,934 - nornir.core.task -    DEBUG -      start() - Host 'rtr1': running task 'napalm_get'
2025-01-09 12:54:05,835 - nornir.core.task -    DEBUG -      start() - Host 'rtr2': running task 'napalm_get'
2025-01-09 12:54:07,775 - nornir.core.task -    DEBUG -      start() - Host 'rtr3': running task 'napalm_get'
2025-01-09 12:54:09,181 -  nornir.core -     INFO -        run() - Running task 'napalm_cli' with args {'command': ['show version', 'show ip interface brief']} on 3 hosts
2025-01-09 12:54:09,182 - nornir.core.task -    DEBUG -      start() - Host 'rtr1': running task 'napalm_cli'
2025-01-09 12:54:09,182 - nornir.core.task -    ERROR -      start() - Host 'rtr1': task 'napalm_cli' failed with traceback:
Traceback (most recent call last):
  File "C:\Users\UEFI\PycharmProjects\NetworkAutomation\venv\lib\site-packages\nornir\core\task.py", line 99, in start
    r = self.task(self, **self.params)
TypeError: napalm_cli() got an unexpected keyword argument 'command'

2025-01-09 12:54:09,183 - nornir.core.task -    DEBUG -      start() - Host 'rtr2': running task 'napalm_cli'
2025-01-09 12:54:09,183 - nornir.core.task -    ERROR -      start() - Host 'rtr2': task 'napalm_cli' failed with traceback:
Traceback (most recent call last):
  File "C:\Users\UEFI\PycharmProjects\NetworkAutomation\venv\lib\site-packages\nornir\core\task.py", line 99, in start
    r = self.task(self, **self.params)
TypeError: napalm_cli() got an unexpected keyword argument 'command'

2025-01-09 12:54:09,183 - nornir.core.task -    DEBUG -      start() - Host 'rtr3': running task 'napalm_cli'
2025-01-09 12:54:09,183 - nornir.core.task -    ERROR -      start() - Host 'rtr3': task 'napalm_cli' failed with traceback:
Traceback (most recent call last):
  File "C:\Users\UEFI\PycharmProjects\NetworkAutomation\venv\lib\site-packages\nornir\core\task.py", line 99, in start
    r = self.task(self, **self.params)
TypeError: napalm_cli() got an unexpected keyword argument 'command'

2025-01-09 12:54:50,236 -  nornir.core -     INFO -        run() - Running task 'napalm_get' with args {'getters': ['facts', 'interfaces_ip']} on 3 hosts
2025-01-09 12:54:50,237 - nornir.core.task -    DEBUG -      start() - Host 'rtr1': running task 'napalm_get'
2025-01-09 12:54:52,151 - nornir.core.task -    DEBUG -      start() - Host 'rtr2': running task 'napalm_get'
2025-01-09 12:54:54,048 - nornir.core.task -    DEBUG -      start() - Host 'rtr3': running task 'napalm_get'
2025-01-09 12:54:55,467 -  nornir.core -     INFO -        run() - Running task 'napalm_cli' with args {'commands': ['show version', 'show ip interface brief']} on 3 hosts
2025-01-09 12:54:55,469 - nornir.core.task -    DEBUG -      start() - Host 'rtr1': running task 'napalm_cli'
2025-01-09 12:54:55,822 - nornir.core.task -    DEBUG -      start() - Host 'rtr2': running task 'napalm_cli'
2025-01-09 12:54:56,146 - nornir.core.task -    DEBUG -      start() - Host 'rtr3': running task 'napalm_cli'
2025-01-09 12:57:43,951 -  nornir.core -     INFO -        run() - Running task 'napalm_get' with args {'getters': ['facts', 'interfaces_ip']} on 3 hosts
2025-01-09 12:57:43,957 - nornir.core.task -    DEBUG -      start() - Host 'rtr1': running task 'napalm_get'
2025-01-09 12:57:45,954 - nornir.core.task -    DEBUG -      start() - Host 'rtr2': running task 'napalm_get'
2025-01-09 12:57:47,803 - nornir.core.task -    DEBUG -      start() - Host 'rtr3': running task 'napalm_get'
2025-01-09 12:57:49,198 -  nornir.core -     INFO -        run() - Running task 'napalm_cli' with args {'commands': ['show version', 'show ip interface brief']} on 3 hosts
2025-01-09 12:57:49,198 - nornir.core.task -    DEBUG -      start() - Host 'rtr1': running task 'napalm_cli'
2025-01-09 12:57:49,553 - nornir.core.task -    DEBUG -      start() - Host 'rtr2': running task 'napalm_cli'
2025-01-09 12:57:50,034 - nornir.core.task -    DEBUG -      start() - Host 'rtr3': running task 'napalm_cli'
2025-01-09 13:10:33,399 -  nornir.core -     INFO -        run() - Running task 'napalm_configure' with args {'configuration': 'interface loopback 1005'} on 3 hosts
2025-01-09 13:10:33,400 - nornir.core.task -    DEBUG -      start() - Host 'rtr1': running task 'napalm_configure'
2025-01-09 13:10:50,191 - nornir.core.task -    DEBUG -      start() - Host 'rtr2': running task 'napalm_configure'
2025-01-09 13:11:13,354 - nornir.core.task -    DEBUG -      start() - Host 'rtr3': running task 'napalm_configure'
2025-01-09 13:11:20,100 -  nornir.core -     INFO -        run() - Running task 'napalm_cli' with args {'commands': ['show ip interface brief']} on 3 hosts
2025-01-09 13:11:20,101 - nornir.core.task -    DEBUG -      start() - Host 'rtr1': running task 'napalm_cli'
2025-01-09 13:11:20,336 - nornir.core.task -    DEBUG -      start() - Host 'rtr2': running task 'napalm_cli'
2025-01-09 13:11:20,522 - nornir.core.task -    DEBUG -      start() - Host 'rtr3': running task 'napalm_cli'
2025-01-09 13:11:47,573 -  nornir.core -     INFO -        run() - Running task 'napalm_configure' with args {'configuration': 'no interface loopback 1005'} on 3 hosts
2025-01-09 13:11:47,574 - nornir.core.task -    DEBUG -      start() - Host 'rtr1': running task 'napalm_configure'
2025-01-09 13:12:01,458 - nornir.core.task -    DEBUG -      start() - Host 'rtr2': running task 'napalm_configure'
2025-01-09 13:12:27,594 - nornir.core.task -    DEBUG -      start() - Host 'rtr3': running task 'napalm_configure'
2025-01-09 13:12:35,169 -  nornir.core -     INFO -        run() - Running task 'napalm_cli' with args {'commands': ['show ip interface brief']} on 3 hosts
2025-01-09 13:12:35,170 - nornir.core.task -    DEBUG -      start() - Host 'rtr1': running task 'napalm_cli'
2025-01-09 13:12:35,403 - nornir.core.task -    DEBUG -      start() - Host 'rtr2': running task 'napalm_cli'
2025-01-09 13:12:35,635 - nornir.core.task -    DEBUG -      start() - Host 'rtr3': running task 'napalm_cli'
2025-01-09 13:15:09,538 -  nornir.core -     INFO -        run() - Running task 'napalm_configure' with args {'filename': 'add_routes.txt'} on 3 hosts
2025-01-09 13:15:09,539 - nornir.core.task -    DEBUG -      start() - Host 'rtr1': running task 'napalm_configure'
2025-01-09 13:15:23,437 - nornir.core.task -    DEBUG -      start() - Host 'rtr2': running task 'napalm_configure'
2025-01-09 13:15:48,283 - nornir.core.task -    DEBUG -      start() - Host 'rtr3': running task 'napalm_configure'
2025-01-09 13:15:54,077 -  nornir.core -     INFO -        run() - Running task 'napalm_cli' with args {'commands': ['show rund | in ip route']} on 3 hosts
2025-01-09 13:15:54,078 - nornir.core.task -    DEBUG -      start() - Host 'rtr1': running task 'napalm_cli'
2025-01-09 13:15:54,248 - nornir.core.task -    DEBUG -      start() - Host 'rtr2': running task 'napalm_cli'
2025-01-09 13:15:54,435 - nornir.core.task -    DEBUG -      start() - Host 'rtr3': running task 'napalm_cli'
2025-01-09 13:16:23,136 -  nornir.core -     INFO -        run() - Running task 'napalm_configure' with args {'filename': 'add_routes.txt'} on 3 hosts
2025-01-09 13:16:23,136 - nornir.core.task -    DEBUG -      start() - Host 'rtr1': running task 'napalm_configure'
2025-01-09 13:16:30,673 - nornir.core.task -    DEBUG -      start() - Host 'rtr2': running task 'napalm_configure'
2025-01-09 13:16:46,170 - nornir.core.task -    DEBUG -      start() - Host 'rtr3': running task 'napalm_configure'
2025-01-09 13:16:49,698 -  nornir.core -     INFO -        run() - Running task 'napalm_cli' with args {'commands': ['show run | in ip route']} on 3 hosts
2025-01-09 13:16:49,699 - nornir.core.task -    DEBUG -      start() - Host 'rtr1': running task 'napalm_cli'
2025-01-09 13:16:50,622 - nornir.core.task -    DEBUG -      start() - Host 'rtr2': running task 'napalm_cli'
2025-01-09 13:16:53,590 - nornir.core.task -    DEBUG -      start() - Host 'rtr3': running task 'napalm_cli'
2025-01-09 13:18:35,977 -  nornir.core -     INFO -        run() - Running task 'napalm_configure' with args {'filename': 'remove_routes.txt'} on 3 hosts
2025-01-09 13:18:35,977 - nornir.core.task -    DEBUG -      start() - Host 'rtr1': running task 'napalm_configure'
2025-01-09 13:18:49,314 - nornir.core.task -    DEBUG -      start() - Host 'rtr2': running task 'napalm_configure'
2025-01-09 13:19:12,012 - nornir.core.task -    DEBUG -      start() - Host 'rtr3': running task 'napalm_configure'
2025-01-09 13:19:17,972 -  nornir.core -     INFO -        run() - Running task 'napalm_cli' with args {'commands': ['show run | in ip route']} on 3 hosts
2025-01-09 13:19:17,973 - nornir.core.task -    DEBUG -      start() - Host 'rtr1': running task 'napalm_cli'
2025-01-09 13:19:18,947 - nornir.core.task -    DEBUG -      start() - Host 'rtr2': running task 'napalm_cli'
2025-01-09 13:19:21,915 - nornir.core.task -    DEBUG -      start() - Host 'rtr3': running task 'napalm_cli'
2025-01-09 13:23:39,892 -  nornir.core -     INFO -        run() - Running task 'netmiko_send_command' with args {'command_string': 'show version'} on 3 hosts
2025-01-09 13:23:39,893 - nornir.core.task -    DEBUG -      start() - Host 'rtr1': running task 'netmiko_send_command'
2025-01-09 13:23:41,241 - nornir.core.task -    DEBUG -      start() - Host 'rtr2': running task 'netmiko_send_command'
2025-01-09 13:23:42,427 - nornir.core.task -    DEBUG -      start() - Host 'rtr3': running task 'netmiko_send_command'
2025-01-09 13:42:57,194 -  nornir.core -     INFO -        run() - Running task 'netmiko_send_config' with args {'config_commands': ['ip route 1.1.1.1 255.255.255.255 192.168.1.1', 'ip route 1.1.1.2 255.255.255.255 192.168.1.1']} on 3 hosts
2025-01-09 13:42:57,195 - nornir.core.task -    DEBUG -      start() - Host 'rtr1': running task 'netmiko_send_config'
2025-01-09 13:42:59,009 - nornir.core.task -    DEBUG -      start() - Host 'rtr2': running task 'netmiko_send_config'
2025-01-09 13:43:00,631 - nornir.core.task -    DEBUG -      start() - Host 'rtr3': running task 'netmiko_send_config'
2025-01-09 13:45:09,001 -  nornir.core -     INFO -        run() - Running task 'netmiko_send_config' with args {'config_commands': ['no ip route 1.1.1.1 255.255.255.255 192.168.1.1', 'no ip route 1.1.1.2 255.255.255.255 192.168.1.1']} on 3 hosts
2025-01-09 13:45:09,002 - nornir.core.task -    DEBUG -      start() - Host 'rtr1': running task 'netmiko_send_config'
2025-01-09 13:45:10,670 - nornir.core.task -    DEBUG -      start() - Host 'rtr2': running task 'netmiko_send_config'
2025-01-09 13:45:12,091 - nornir.core.task -    DEBUG -      start() - Host 'rtr3': running task 'netmiko_send_config'
2025-01-09 13:45:55,286 -  nornir.core -     INFO -        run() - Running task 'netmiko_send_config' with args {'config_file': 'add_routes.txt'} on 3 hosts
2025-01-09 13:45:55,287 - nornir.core.task -    DEBUG -      start() - Host 'rtr1': running task 'netmiko_send_config'
2025-01-09 13:45:57,469 - nornir.core.task -    DEBUG -      start() - Host 'rtr2': running task 'netmiko_send_config'
2025-01-09 13:45:59,489 - nornir.core.task -    DEBUG -      start() - Host 'rtr3': running task 'netmiko_send_config'
2025-01-09 13:46:35,299 -  nornir.core -     INFO -        run() - Running task 'netmiko_send_config' with args {'config_file': 'remove_routes.txt'} on 3 hosts
2025-01-09 13:46:35,299 - nornir.core.task -    DEBUG -      start() - Host 'rtr1': running task 'netmiko_send_config'
2025-01-09 13:46:37,758 - nornir.core.task -    DEBUG -      start() - Host 'rtr2': running task 'netmiko_send_config'
2025-01-09 13:46:39,914 - nornir.core.task -    DEBUG -      start() - Host 'rtr3': running task 'netmiko_send_config'
2025-01-09 13:53:28,186 -  nornir.core -     INFO -        run() - Running task 'route_add' with args {} on 3 hosts
2025-01-09 13:53:28,187 - nornir.core.task -    DEBUG -      start() - Host 'rtr1': running task 'route_add'
2025-01-09 13:53:28,188 - nornir.core.task -    ERROR -      start() - Host 'rtr1': task 'route_add' failed with traceback:
Traceback (most recent call last):
  File "C:\Users\UEFI\PycharmProjects\NetworkAutomation\venv\lib\site-packages\nornir\core\task.py", line 99, in start
    r = self.task(self, **self.params)
  File "C:\Users\UEFI\PycharmProjects\NetworkAutomation\NetworkAutomation\24_Nornir\10_multiple_tasks_function.py", line 12, in route_add
    route_task.run(task=netmiko_send_config(config_file="add_routes.txt"))
TypeError: netmiko_send_config() missing 1 required positional argument: 'task'

2025-01-09 13:53:28,188 - nornir.core.task -    DEBUG -      start() - Host 'rtr2': running task 'route_add'
2025-01-09 13:53:28,188 - nornir.core.task -    ERROR -      start() - Host 'rtr2': task 'route_add' failed with traceback:
Traceback (most recent call last):
  File "C:\Users\UEFI\PycharmProjects\NetworkAutomation\venv\lib\site-packages\nornir\core\task.py", line 99, in start
    r = self.task(self, **self.params)
  File "C:\Users\UEFI\PycharmProjects\NetworkAutomation\NetworkAutomation\24_Nornir\10_multiple_tasks_function.py", line 12, in route_add
    route_task.run(task=netmiko_send_config(config_file="add_routes.txt"))
TypeError: netmiko_send_config() missing 1 required positional argument: 'task'

2025-01-09 13:53:28,189 - nornir.core.task -    DEBUG -      start() - Host 'rtr3': running task 'route_add'
2025-01-09 13:53:28,189 - nornir.core.task -    ERROR -      start() - Host 'rtr3': task 'route_add' failed with traceback:
Traceback (most recent call last):
  File "C:\Users\UEFI\PycharmProjects\NetworkAutomation\venv\lib\site-packages\nornir\core\task.py", line 99, in start
    r = self.task(self, **self.params)
  File "C:\Users\UEFI\PycharmProjects\NetworkAutomation\NetworkAutomation\24_Nornir\10_multiple_tasks_function.py", line 12, in route_add
    route_task.run(task=netmiko_send_config(config_file="add_routes.txt"))
TypeError: netmiko_send_config() missing 1 required positional argument: 'task'

2025-01-09 13:53:56,063 -  nornir.core -     INFO -        run() - Running task 'route_add' with args {} on 3 hosts
2025-01-09 13:53:56,064 - nornir.core.task -    DEBUG -      start() - Host 'rtr1': running task 'route_add'
2025-01-09 13:53:56,065 - nornir.core.task -    ERROR -      start() - Host 'rtr1': task 'route_add' failed with traceback:
Traceback (most recent call last):
  File "C:\Users\UEFI\PycharmProjects\NetworkAutomation\venv\lib\site-packages\nornir\core\task.py", line 99, in start
    r = self.task(self, **self.params)
  File "C:\Users\UEFI\PycharmProjects\NetworkAutomation\NetworkAutomation\24_Nornir\10_multiple_tasks_function.py", line 12, in route_add
    route_task.run(task=netmiko_send_config(config_file="add_routes.txt"))
TypeError: netmiko_send_config() missing 1 required positional argument: 'task'

2025-01-09 13:53:56,066 - nornir.core.task -    DEBUG -      start() - Host 'rtr2': running task 'route_add'
2025-01-09 13:53:56,066 - nornir.core.task -    ERROR -      start() - Host 'rtr2': task 'route_add' failed with traceback:
Traceback (most recent call last):
  File "C:\Users\UEFI\PycharmProjects\NetworkAutomation\venv\lib\site-packages\nornir\core\task.py", line 99, in start
    r = self.task(self, **self.params)
  File "C:\Users\UEFI\PycharmProjects\NetworkAutomation\NetworkAutomation\24_Nornir\10_multiple_tasks_function.py", line 12, in route_add
    route_task.run(task=netmiko_send_config(config_file="add_routes.txt"))
TypeError: netmiko_send_config() missing 1 required positional argument: 'task'

2025-01-09 13:53:56,066 - nornir.core.task -    DEBUG -      start() - Host 'rtr3': running task 'route_add'
2025-01-09 13:53:56,067 - nornir.core.task -    ERROR -      start() - Host 'rtr3': task 'route_add' failed with traceback:
Traceback (most recent call last):
  File "C:\Users\UEFI\PycharmProjects\NetworkAutomation\venv\lib\site-packages\nornir\core\task.py", line 99, in start
    r = self.task(self, **self.params)
  File "C:\Users\UEFI\PycharmProjects\NetworkAutomation\NetworkAutomation\24_Nornir\10_multiple_tasks_function.py", line 12, in route_add
    route_task.run(task=netmiko_send_config(config_file="add_routes.txt"))
TypeError: netmiko_send_config() missing 1 required positional argument: 'task'

2025-01-09 13:55:23,375 -  nornir.core -     INFO -        run() - Running task 'route_add' with args {} on 3 hosts
2025-01-09 13:55:23,376 - nornir.core.task -    DEBUG -      start() - Host 'rtr1': running task 'route_add'
2025-01-09 13:55:23,377 - nornir.core.task -    ERROR -      start() - Host 'rtr1': task 'route_add' failed with traceback:
Traceback (most recent call last):
  File "C:\Users\UEFI\PycharmProjects\NetworkAutomation\venv\lib\site-packages\nornir\core\task.py", line 99, in start
    r = self.task(self, **self.params)
  File "C:\Users\UEFI\PycharmProjects\NetworkAutomation\NetworkAutomation\24_Nornir\10_multiple_tasks_function.py", line 12, in route_add
    route_task.run(task=netmiko_send_config(config_file="add_routes.txt"))
TypeError: netmiko_send_config() missing 1 required positional argument: 'task'

2025-01-09 13:55:23,377 - nornir.core.task -    DEBUG -      start() - Host 'rtr2': running task 'route_add'
2025-01-09 13:55:23,377 - nornir.core.task -    ERROR -      start() - Host 'rtr2': task 'route_add' failed with traceback:
Traceback (most recent call last):
  File "C:\Users\UEFI\PycharmProjects\NetworkAutomation\venv\lib\site-packages\nornir\core\task.py", line 99, in start
    r = self.task(self, **self.params)
  File "C:\Users\UEFI\PycharmProjects\NetworkAutomation\NetworkAutomation\24_Nornir\10_multiple_tasks_function.py", line 12, in route_add
    route_task.run(task=netmiko_send_config(config_file="add_routes.txt"))
TypeError: netmiko_send_config() missing 1 required positional argument: 'task'

2025-01-09 13:55:23,378 - nornir.core.task -    DEBUG -      start() - Host 'rtr3': running task 'route_add'
2025-01-09 13:55:23,378 - nornir.core.task -    ERROR -      start() - Host 'rtr3': task 'route_add' failed with traceback:
Traceback (most recent call last):
  File "C:\Users\UEFI\PycharmProjects\NetworkAutomation\venv\lib\site-packages\nornir\core\task.py", line 99, in start
    r = self.task(self, **self.params)
  File "C:\Users\UEFI\PycharmProjects\NetworkAutomation\NetworkAutomation\24_Nornir\10_multiple_tasks_function.py", line 12, in route_add
    route_task.run(task=netmiko_send_config(config_file="add_routes.txt"))
TypeError: netmiko_send_config() missing 1 required positional argument: 'task'

2025-01-09 13:55:52,710 -  nornir.core -     INFO -        run() - Running task 'route_add' with args {} on 3 hosts
2025-01-09 13:55:52,711 - nornir.core.task -    DEBUG -      start() - Host 'rtr1': running task 'route_add'
2025-01-09 13:55:52,711 - nornir.core.task -    DEBUG -      start() - Host 'rtr1': running task 'netmiko_send_config'
2025-01-09 13:55:54,757 - nornir.core.task -    DEBUG -      start() - Host 'rtr1': running task 'netmiko_send_command'
2025-01-09 13:55:56,294 - nornir.core.task -    DEBUG -      start() - Host 'rtr1': running task 'netmiko_save_config'
2025-01-09 13:56:01,689 - nornir.core.task -    DEBUG -      start() - Host 'rtr2': running task 'route_add'
2025-01-09 13:56:01,689 - nornir.core.task -    DEBUG -      start() - Host 'rtr2': running task 'netmiko_send_config'
2025-01-09 13:56:03,832 - nornir.core.task -    DEBUG -      start() - Host 'rtr2': running task 'netmiko_send_command'
2025-01-09 13:56:06,938 - nornir.core.task -    DEBUG -      start() - Host 'rtr2': running task 'netmiko_save_config'
2025-01-09 13:56:11,865 - nornir.core.task -    DEBUG -      start() - Host 'rtr3': running task 'route_add'
2025-01-09 13:56:11,865 - nornir.core.task -    DEBUG -      start() - Host 'rtr3': running task 'netmiko_send_config'
2025-01-09 13:56:13,212 - nornir.core.task -    DEBUG -      start() - Host 'rtr3': running task 'netmiko_send_command'
2025-01-09 13:56:13,491 - nornir.core.task -    DEBUG -      start() - Host 'rtr3': running task 'netmiko_save_config'
2025-01-09 14:01:01,459 -  nornir.core -     INFO -        run() - Running task 'add_route' with args {} on 3 hosts
2025-01-09 14:01:01,459 - nornir.core.task -    DEBUG -      start() - Host 'rtr1': running task 'add_route'
2025-01-09 14:01:01,459 - nornir.core.task -    DEBUG -      start() - Host 'rtr1': running task 'napalm_configure'
2025-01-09 14:01:13,076 - nornir.core.task -    DEBUG -      start() - Host 'rtr1': running task 'napalm_cli'
2025-01-09 14:01:15,084 - nornir.core.task -    DEBUG -      start() - Host 'rtr2': running task 'add_route'
2025-01-09 14:01:15,085 - nornir.core.task -    DEBUG -      start() - Host 'rtr2': running task 'napalm_configure'
2025-01-09 14:01:36,359 - nornir.core.task -    DEBUG -      start() - Host 'rtr2': running task 'napalm_cli'
2025-01-09 14:01:39,303 - nornir.core.task -    DEBUG -      start() - Host 'rtr3': running task 'add_route'
2025-01-09 14:01:39,303 - nornir.core.task -    DEBUG -      start() - Host 'rtr3': running task 'napalm_configure'
2025-01-09 14:01:44,259 - nornir.core.task -    DEBUG -      start() - Host 'rtr3': running task 'napalm_cli'
